<?xml version="1.0" encoding="UTF-8"?>
<!-- Generated by org.testng.reporters.JUnitReportReporter -->
<testsuite hostname="LAPTOP-ILEVVRC8" failures="0" tests="1" name="test.script" time="0.007" errors="0" timestamp="2025-03-09T21:07:00 IST" skipped="0">
  <testcase classname="test.script" name="scrip" time="0.007"/>
</testsuite> <!-- test.script -->
